Running: C:\Xilinx\14.4\ISE_DS\ISE\bin\nt64\unwrapped\fuse.exe -intstyle ise -incremental -lib secureip -o C:/GitHub/Digitale-klok/Digitale-klok/DigitaleKlok/PrgTeller2dig_TB_isim_beh.exe -prj C:/GitHub/Digitale-klok/Digitale-klok/DigitaleKlok/PrgTeller2dig_TB_beh.prj PrgTeller2dig_TB 
ISim P.49d (signature 0x7708f090)
Number of CPUs detected in this system: 8
Turning on mult-threading, number of parallel sub-compilation jobs: 16 
Determining compilation order of HDL files
Parsing VHDL file "C:/GitHub/Digitale-klok/Digitale-klok/DigitaleKlok/PrgTeller2dig.vhd" into library work
Parsing VHDL file "C:/GitHub/Digitale-klok/Digitale-klok/DigitaleKlok/PrgTeller2dig_TB.vhd" into library work
Starting static elaboration
Completed static elaboration
Compiling package standard
Compiling package std_logic_1164
Compiling package numeric_std
Compiling architecture behavioral of entity PrgTeller2dig [\PrgTeller2dig(('0','0','0','0',...]
Compiling architecture behavior of entity prgteller2dig_tb
Time Resolution for simulation is 1ps.
WARNING:Simulator - Unable to copy libPortabilityNOSH.dll to the simulation executable directory: boost::filesystem::copy_file: Het systeem kan het opgegeven pad niet vinden, "isim\PrgTeller2dig_TB_isim_beh.exe.sim\libPortability.dll".
Compiled 6 VHDL Units
Built simulation executable C:/GitHub/Digitale-klok/Digitale-klok/DigitaleKlok/PrgTeller2dig_TB_isim_beh.exe
Fuse Memory Usage: 35312 KB
Fuse CPU Usage: 452 ms
