Command line:
   one_pulse_tb_isim_beh.exe
     -simmode  gui
     -simrunnum  0
     -socket  58088

Thu Oct 20 09:56:19 2016


 Elaboration Time: 0.015625 sec

 Current Memory Usage: 836.71 Meg

 Total Signals          : 8
 Total Nets             : 5
 Total Signal Drivers   : 5
 Total Blocks           : 3
 Total Primitive Blocks : 2
 Total Processes        : 5
 Total Traceable Variables  : 9
 Total Scalar Nets and Variables : 366
Total Line Count : 16

 Total Simulation Time: 0.046875 sec

 Current Memory Usage: 836.71 Meg

Thu Oct 20 09:56:29 2016

