Command line:
   Debouncer_isim_beh.exe
     -simmode  gui
     -simrunnum  1
     -socket  64794

Wed Oct 19 15:29:19 2016


 Elaboration Time: 0.015625 sec

 Current Memory Usage: 836.682 Meg

 Total Signals          : 6
 Total Nets             : 6
 Total Signal Drivers   : 4
 Total Blocks           : 2
 Total Primitive Blocks : 2
 Total Processes        : 2
 Total Traceable Variables  : 8
 Total Scalar Nets and Variables : 366
Total Line Count : 5

 Total Simulation Time: 0.015625 sec

 Current Memory Usage: 836.682 Meg

Wed Oct 19 15:29:25 2016

