Command line:
   Timing_TB_isim_beh.exe
     -simmode  gui
     -simrunnum  0
     -socket  59804

Wed Oct 19 13:01:54 2016


 Elaboration Time: 0.015625 sec

 Current Memory Usage: 836.719 Meg

 Total Signals          : 30
 Total Nets             : 13
 Total Signal Drivers   : 9
 Total Blocks           : 7
 Total Primitive Blocks : 5
 Total Processes        : 10
 Total Traceable Variables  : 21
 Total Scalar Nets and Variables : 386
Total Line Count : 27

 Total Simulation Time: 4.64063 sec

 Current Memory Usage: 679.432 Meg

Wed Oct 19 13:03:42 2016

