Command line:
   Debouncer_tb_isim_beh.exe
     -simmode  gui
     -simrunnum  0
     -socket  64796

Wed Oct 19 15:30:40 2016


 Elaboration Time: 0.015625 sec

 Current Memory Usage: 836.682 Meg

 Total Signals          : 9
 Total Nets             : 6
 Total Signal Drivers   : 6
 Total Blocks           : 3
 Total Primitive Blocks : 2
 Total Processes        : 4
 Total Traceable Variables  : 9
 Total Scalar Nets and Variables : 367
Total Line Count : 27

 Total Simulation Time: 0.015625 sec

 Current Memory Usage: 1151.25 Meg

Wed Oct 19 15:31:30 2016

