Command line:
   T6_tb_isim_beh.exe
     -simmode  gui
     -simrunnum  0
     -socket  61181

Thu Oct 20 08:54:17 2016


 Elaboration Time: 0.03125 sec

 Current Memory Usage: 836.751 Meg

 Total Signals          : 51
 Total Nets             : 39
 Total Signal Drivers   : 20
 Total Blocks           : 10
 Total Primitive Blocks : 8
 Total Processes        : 20
 Total Traceable Variables  : 26
 Total Scalar Nets and Variables : 535
Total Line Count : 44

 Total Simulation Time: 0.53125 sec

 Current Memory Usage: 679.465 Meg

Thu Oct 20 08:55:30 2016

